c:\users\33412\onedrive\ray tracer\raytracer\raytracer\x64\release\vc142.pdb
c:\users\33412\onedrive\ray tracer\raytracer\raytracer\x64\release\vec3.obj
c:\users\33412\onedrive\ray tracer\raytracer\raytracer\x64\release\main.obj
c:\users\33412\onedrive\ray tracer\raytracer\raytracer\x64\release\ray.obj
c:\users\33412\onedrive\ray tracer\raytracer\raytracer\x64\release\sphere.obj
c:\users\33412\onedrive\ray tracer\raytracer\raytracer\x64\release\hittable.obj
c:\users\33412\onedrive\ray tracer\raytracer\raytracer\x64\release\hittablelist.obj
c:\users\33412\onedrive\ray tracer\raytracer\raytracer\x64\release\camera.obj
c:\users\33412\onedrive\ray tracer\raytracer\raytracer\x64\release\material.obj
c:\users\33412\onedrive\ray tracer\raytracer\raytracer\x64\release\metal.obj
c:\users\33412\onedrive\ray tracer\raytracer\raytracer\x64\release\lambertian.obj
c:\users\33412\onedrive\ray tracer\raytracer\x64\release\raytracer.exe
c:\users\33412\onedrive\ray tracer\raytracer\raytracer\x64\release\raytracer.ipdb
c:\users\33412\onedrive\ray tracer\raytracer\raytracer\x64\release\raytracer.iobj
c:\users\33412\onedrive\ray tracer\raytracer\x64\release\raytracer.pdb
c:\users\33412\onedrive\ray tracer\raytracer\raytracer\x64\release\raytracer.tlog\cl.command.1.tlog
c:\users\33412\onedrive\ray tracer\raytracer\raytracer\x64\release\raytracer.tlog\cl.read.1.tlog
c:\users\33412\onedrive\ray tracer\raytracer\raytracer\x64\release\raytracer.tlog\cl.write.1.tlog
c:\users\33412\onedrive\ray tracer\raytracer\raytracer\x64\release\raytracer.tlog\link.command.1.tlog
c:\users\33412\onedrive\ray tracer\raytracer\raytracer\x64\release\raytracer.tlog\link.read.1.tlog
c:\users\33412\onedrive\ray tracer\raytracer\raytracer\x64\release\raytracer.tlog\link.write.1.tlog
